============================================================
Time  2021/05/19 16:26:23 721 
============================================================
[2021/05/19 16:26:23 721] isr        1659 isr loaded!  
[2021/05/19 16:26:23 721] isr        1642 SYS_MSG_REGCB param0 =   msp_status_cb  param1 =   func(80067bc0) 
[2021/05/19 16:26:23 721] isr        1537 ASR_MSG_SSB  
[2021/05/19 16:26:23 721] isr        1066 session_begin() [in], params:   sub = iat, domain = iat, language = zh_cn, accent = mandarin, sample_rate = 16000, result_type = plain, result_encoding = utf8  nil  
[2021/05/19 16:26:23 721] isr        927  vad_set [in]  
[2021/05/19 16:26:23 721] isr        962  vad_enable :  true  
[2021/05/19 16:26:23 721] isr        980  vad_bos :  10000  
[2021/05/19 16:26:23 721] isr        981  vad_eos :  2000  
[2021/05/19 16:26:23 721] isr        886  enable_vad [in]  
[2021/05/19 16:26:23 721] isr        918  vad enabled!  2000  10000  
[2021/05/19 16:26:23 721] isr        921  enable_vad [out]  
[2021/05/19 16:26:23 721] isr        987  vad_set [out] | ret =  0  
[2021/05/19 16:26:23 721] isr        1187 cur_engine_type =   cloud  
[2021/05/19 16:26:23 721] isr        1001 cloud_session_begin  
[2021/05/19 16:26:23 721] isr        1013 unknown  
[2021/05/19 16:26:23 723] isr        1547 ASR_MSG_AUW,   cloud  
[2021/05/19 16:26:23 723] isr        1559 6400  1  
[2021/05/19 16:26:23 723] isr        1569 once_bytes:   6400  
[2021/05/19 16:26:23 724] isr        1547 ASR_MSG_AUW,   cloud  
[2021/05/19 16:26:23 724] isr        1559 6400  2  
[2021/05/19 16:26:23 725] isr        1547 ASR_MSG_AUW,   cloud  
[2021/05/19 16:26:23 725] isr        1559 6400  2  
[2021/05/19 16:26:23 726] isr        1547 ASR_MSG_AUW,   cloud  
[2021/05/19 16:26:23 726] isr        1559 6400  2  
[2021/05/19 16:26:23 727] isr        1547 ASR_MSG_AUW,   cloud  
[2021/05/19 16:26:23 727] isr        1559 6400  2  
[2021/05/19 16:26:23 727] isr        1547 ASR_MSG_AUW,   cloud  
[2021/05/19 16:26:23 727] isr        1559 6400  2  
[2021/05/19 16:26:23 727] isr        1547 ASR_MSG_AUW,   cloud  
[2021/05/19 16:26:23 727] isr        1559 6400  2  
[2021/05/19 16:26:23 728] isr        1547 ASR_MSG_AUW,   cloud  
[2021/05/19 16:26:23 728] isr        1559 6400  2  
[2021/05/19 16:26:23 728] isr        1547 ASR_MSG_AUW,   cloud  
[2021/05/19 16:26:23 728] isr        1559 6400  2  
[2021/05/19 16:26:23 729] isr        1547 ASR_MSG_AUW,   cloud  
[2021/05/19 16:26:23 729] isr        1559 6400  2  
[2021/05/19 16:26:23 729] isr        1547 ASR_MSG_AUW,   cloud  
[2021/05/19 16:26:23 729] isr        1559 6400  2  
[2021/05/19 16:26:23 730] isr        851  [aud] speech start  
[2021/05/19 16:26:23 730] isr        798  1  msc  
[2021/05/19 16:26:23 730] isr        1547 ASR_MSG_AUW,   cloud  
[2021/05/19 16:26:23 730] isr        1559 6400  2  
[2021/05/19 16:26:23 730] isr        1547 ASR_MSG_AUW,   cloud  
[2021/05/19 16:26:23 730] isr        1559 6400  2  
[2021/05/19 16:26:23 730] isr        1547 ASR_MSG_AUW,   cloud  
[2021/05/19 16:26:23 730] isr        1559 6400  2  
[2021/05/19 16:26:23 730] isr        1547 ASR_MSG_AUW,   cloud  
[2021/05/19 16:26:23 731] isr        1559 6400  2  
[2021/05/19 16:26:23 731] isr        1547 ASR_MSG_AUW,   cloud  
[2021/05/19 16:26:23 731] isr        1559 6400  2  
[2021/05/19 16:26:23 731] isr        1547 ASR_MSG_AUW,   cloud  
[2021/05/19 16:26:23 731] isr        1559 6400  2  
[2021/05/19 16:26:23 731] isr        1547 ASR_MSG_AUW,   cloud  
[2021/05/19 16:26:23 731] isr        1559 6400  2  
[2021/05/19 16:26:23 731] isr        1547 ASR_MSG_AUW,   cloud  
[2021/05/19 16:26:23 731] isr        1559 6400  2  
[2021/05/19 16:26:23 731] isr        1547 ASR_MSG_AUW,   cloud  
[2021/05/19 16:26:23 731] isr        1559 6400  2  
[2021/05/19 16:26:23 732] isr        1547 ASR_MSG_AUW,   cloud  
[2021/05/19 16:26:23 732] isr        1559 6400  2  
[2021/05/19 16:26:23 732] isr        1547 ASR_MSG_AUW,   cloud  
[2021/05/19 16:26:23 732] isr        1559 6400  2  
[2021/05/19 16:26:23 732] isr        1547 ASR_MSG_AUW,   cloud  
[2021/05/19 16:26:23 732] isr        1559 7420  2  
[2021/05/19 16:26:23 733] isr        1547 ASR_MSG_AUW,   cloud  
[2021/05/19 16:26:23 733] isr        1559 0  4  
[2021/05/19 16:26:23 733] isr        1592 aud end, USER  
[2021/05/19 16:26:23 734] isr        1636 ASR_MSG_GRSLT,   cloud  
[2021/05/19 16:26:23 734] isr        1335 0  nil  2  
[2021/05/19 16:26:23 755] isr        854  [aud] speech end  
[2021/05/19 16:26:23 756] isr        798  3  msc  
[2021/05/19 16:26:23 756] isr        707  cloud_status_cb, start local.  
[2021/05/19 16:26:23 817] isr        700  cloud_status_cb, eps:  1  
[2021/05/19 16:26:23 817] isr        798  1  cloud  
[2021/05/19 16:26:23 817] isr        800  already speech end  
[2021/05/19 16:26:23 834] isr        1636 ASR_MSG_GRSLT,   cloud  
[2021/05/19 16:26:23 834] isr        1335 0  nil  2  
[2021/05/19 16:26:23 935] isr        1636 ASR_MSG_GRSLT,   cloud  
[2021/05/19 16:26:23 935] isr        1335 0  nil  2  
[2021/05/19 16:26:23 981] isr        700  cloud_status_cb, eps:  3  
[2021/05/19 16:26:23 981] isr        798  3  cloud  
[2021/05/19 16:26:23 981] isr        800  already speech end  
[2021/05/19 16:26:23 982] isr        662  cloud_rslt_cb status =   5  
[2021/05/19 16:26:23 982] isr        641  process_result call:  cloud  udata(80046fc8) 5  nil  
[2021/05/19 16:26:23 982] isr        798  3  msc  
[2021/05/19 16:26:23 982] isr        800  already speech end  
[2021/05/19 16:26:24 035] isr        1636 ASR_MSG_GRSLT,   cloud  
[2021/05/19 16:26:24 035] isr        1335 0  udata(80046fc8) 5  
[2021/05/19 16:26:24 136] isr        1639 ASR_MSG_SSE,   cloud  
[2021/05/19 16:26:24 136] isr        1356 session_end() [in]  
[2021/05/19 16:26:24 136] isr        1421 cloud_session_end() [in]  
[2021/05/19 16:26:24 136] isr        1488 ns_host=  open.xf-yun.com  
[2021/05/19 16:26:24 137] isr        1498 tick()mod=  9364491  
[2021/05/19 16:26:24 137] isr        1499 tick()=  9364491  
[2021/05/19 16:26:24 137] isr        1501 diff=  267  
[2021/05/19 16:26:24 137] isr        1514 cloud_session_end() [out]  
[2021/05/19 16:26:24 137] isr        1667 isr unload!  
============================================================
Time  2021/05/19 16:26:38 241 
============================================================
[2021/05/19 16:26:38 241] isr        1659 isr loaded!  
[2021/05/19 16:26:38 241] isr        1642 SYS_MSG_REGCB param0 =   msp_status_cb  param1 =   func(3806d390) 
[2021/05/19 16:26:38 241] isr        1537 ASR_MSG_SSB  
[2021/05/19 16:26:38 241] isr        1066 session_begin() [in], params:   sub = iat, domain = iat, language = zh_cn, accent = mandarin, sample_rate = 16000, result_type = plain, result_encoding = utf8  nil  
[2021/05/19 16:26:38 241] isr        927  vad_set [in]  
[2021/05/19 16:26:38 241] isr        962  vad_enable :  true  
[2021/05/19 16:26:38 241] isr        980  vad_bos :  10000  
[2021/05/19 16:26:38 241] isr        981  vad_eos :  2000  
[2021/05/19 16:26:38 242] isr        886  enable_vad [in]  
[2021/05/19 16:26:38 242] isr        918  vad enabled!  2000  10000  
[2021/05/19 16:26:38 242] isr        921  enable_vad [out]  
[2021/05/19 16:26:38 242] isr        987  vad_set [out] | ret =  0  
[2021/05/19 16:26:38 242] isr        1187 cur_engine_type =   cloud  
[2021/05/19 16:26:38 242] isr        1001 cloud_session_begin  
[2021/05/19 16:26:38 242] isr        1013 unknown  
[2021/05/19 16:26:38 478] isr        1547 ASR_MSG_AUW,   cloud  
[2021/05/19 16:26:38 479] isr        1559 3200  1  
[2021/05/19 16:26:38 479] isr        1569 once_bytes:   3200  
[2021/05/19 16:26:38 480] isr        1547 ASR_MSG_AUW,   cloud  
[2021/05/19 16:26:38 480] isr        1559 3200  2  
[2021/05/19 16:26:38 483] isr        851  [aud] speech start  
[2021/05/19 16:26:38 483] isr        798  1  msc  
[2021/05/19 16:26:38 541] isr        700  cloud_status_cb, eps:  1  
[2021/05/19 16:26:38 541] isr        798  1  cloud  
[2021/05/19 16:26:38 541] isr        813  cloud eps ignored  
[2021/05/19 16:26:38 639] isr        1547 ASR_MSG_AUW,   cloud  
[2021/05/19 16:26:38 639] isr        1559 3200  2  
[2021/05/19 16:26:38 803] isr        1547 ASR_MSG_AUW,   cloud  
[2021/05/19 16:26:38 806] isr        1559 3200  2  
[2021/05/19 16:26:38 806] isr        1547 ASR_MSG_AUW,   cloud  
[2021/05/19 16:26:38 807] isr        1559 3200  2  
[2021/05/19 16:26:38 960] isr        1547 ASR_MSG_AUW,   cloud  
[2021/05/19 16:26:38 960] isr        1559 3200  2  
[2021/05/19 16:26:38 960] isr        1547 ASR_MSG_AUW,   cloud  
[2021/05/19 16:26:38 960] isr        1559 3200  2  
[2021/05/19 16:26:39 123] isr        1547 ASR_MSG_AUW,   cloud  
[2021/05/19 16:26:39 123] isr        1559 3200  2  
[2021/05/19 16:26:39 285] isr        1547 ASR_MSG_AUW,   cloud  
[2021/05/19 16:26:39 285] isr        1559 3200  2  
[2021/05/19 16:26:39 286] isr        1547 ASR_MSG_AUW,   cloud  
[2021/05/19 16:26:39 286] isr        1559 3200  2  
[2021/05/19 16:26:39 448] isr        1547 ASR_MSG_AUW,   cloud  
[2021/05/19 16:26:39 448] isr        1559 3200  2  
[2021/05/19 16:26:39 448] isr        1547 ASR_MSG_AUW,   cloud  
[2021/05/19 16:26:39 448] isr        1559 3200  2  
[2021/05/19 16:26:39 602] isr        1547 ASR_MSG_AUW,   cloud  
[2021/05/19 16:26:39 602] isr        1559 3200  2  
[2021/05/19 16:26:39 764] isr        1547 ASR_MSG_AUW,   cloud  
[2021/05/19 16:26:39 764] isr        1559 3200  2  
[2021/05/19 16:26:39 764] isr        1547 ASR_MSG_AUW,   cloud  
[2021/05/19 16:26:39 764] isr        1559 3200  2  
[2021/05/19 16:26:39 928] isr        1547 ASR_MSG_AUW,   cloud  
[2021/05/19 16:26:39 928] isr        1559 3200  2  
[2021/05/19 16:26:40 090] isr        1547 ASR_MSG_AUW,   cloud  
[2021/05/19 16:26:40 090] isr        1559 3200  2  
[2021/05/19 16:26:40 090] isr        1547 ASR_MSG_AUW,   cloud  
[2021/05/19 16:26:40 090] isr        1559 3200  2  
[2021/05/19 16:26:40 253] isr        1547 ASR_MSG_AUW,   cloud  
[2021/05/19 16:26:40 253] isr        1559 3200  2  
[2021/05/19 16:26:40 254] isr        1547 ASR_MSG_AUW,   cloud  
[2021/05/19 16:26:40 254] isr        1559 3200  2  
[2021/05/19 16:26:40 417] isr        1547 ASR_MSG_AUW,   cloud  
[2021/05/19 16:26:40 417] isr        1559 3200  2  
[2021/05/19 16:26:40 580] isr        1547 ASR_MSG_AUW,   cloud  
[2021/05/19 16:26:40 580] isr        1559 3200  2  
[2021/05/19 16:26:40 581] isr        1547 ASR_MSG_AUW,   cloud  
[2021/05/19 16:26:40 581] isr        1559 3200  2  
[2021/05/19 16:26:40 744] isr        1547 ASR_MSG_AUW,   cloud  
[2021/05/19 16:26:40 744] isr        1559 3200  2  
[2021/05/19 16:26:40 745] isr        1547 ASR_MSG_AUW,   cloud  
[2021/05/19 16:26:40 745] isr        1559 3200  2  
[2021/05/19 16:26:40 881] isr        1547 ASR_MSG_AUW,   cloud  
[2021/05/19 16:26:40 881] isr        1559 3200  2  
[2021/05/19 16:26:41 044] isr        1547 ASR_MSG_AUW,   cloud  
[2021/05/19 16:26:41 045] isr        1559 3200  2  
[2021/05/19 16:26:41 046] isr        1547 ASR_MSG_AUW,   cloud  
[2021/05/19 16:26:41 046] isr        1559 3200  2  
[2021/05/19 16:26:41 207] isr        1547 ASR_MSG_AUW,   cloud  
[2021/05/19 16:26:41 207] isr        1559 3200  2  
[2021/05/19 16:26:41 369] isr        1547 ASR_MSG_AUW,   cloud  
[2021/05/19 16:26:41 369] isr        1559 3200  2  
[2021/05/19 16:26:41 369] isr        1547 ASR_MSG_AUW,   cloud  
[2021/05/19 16:26:41 370] isr        1559 3200  2  
[2021/05/19 16:26:41 532] isr        1547 ASR_MSG_AUW,   cloud  
[2021/05/19 16:26:41 532] isr        1559 3200  2  
[2021/05/19 16:26:41 695] isr        1547 ASR_MSG_AUW,   cloud  
[2021/05/19 16:26:41 695] isr        1559 3200  2  
[2021/05/19 16:26:41 695] isr        1547 ASR_MSG_AUW,   cloud  
[2021/05/19 16:26:41 695] isr        1559 3200  2  
[2021/05/19 16:26:41 858] isr        1547 ASR_MSG_AUW,   cloud  
[2021/05/19 16:26:41 858] isr        1559 3200  2  
[2021/05/19 16:26:41 858] isr        1547 ASR_MSG_AUW,   cloud  
[2021/05/19 16:26:41 858] isr        1559 3200  2  
[2021/05/19 16:26:42 020] isr        1547 ASR_MSG_AUW,   cloud  
[2021/05/19 16:26:42 020] isr        1559 3200  2  
[2021/05/19 16:26:42 183] isr        1547 ASR_MSG_AUW,   cloud  
[2021/05/19 16:26:42 183] isr        1559 3200  2  
[2021/05/19 16:26:42 183] isr        1547 ASR_MSG_AUW,   cloud  
[2021/05/19 16:26:42 183] isr        1559 3200  2  
[2021/05/19 16:26:42 346] isr        1547 ASR_MSG_AUW,   cloud  
[2021/05/19 16:26:42 346] isr        1559 3200  2  
[2021/05/19 16:26:42 346] isr        1547 ASR_MSG_AUW,   cloud  
[2021/05/19 16:26:42 346] isr        1559 3200  2  
[2021/05/19 16:26:42 509] isr        1547 ASR_MSG_AUW,   cloud  
[2021/05/19 16:26:42 509] isr        1559 3200  2  
[2021/05/19 16:26:42 672] isr        1547 ASR_MSG_AUW,   cloud  
[2021/05/19 16:26:42 672] isr        1559 3200  2  
[2021/05/19 16:26:42 672] isr        1547 ASR_MSG_AUW,   cloud  
[2021/05/19 16:26:42 672] isr        1559 3200  2  
[2021/05/19 16:26:42 836] isr        1547 ASR_MSG_AUW,   cloud  
[2021/05/19 16:26:42 836] isr        1559 3200  2  
[2021/05/19 16:26:42 860] isr        662  cloud_rslt_cb status =   0  
[2021/05/19 16:26:42 861] isr        641  process_result call:  cloud  udata(38071fa8) 0  nil  
[2021/05/19 16:26:42 999] isr        1547 ASR_MSG_AUW,   cloud  
[2021/05/19 16:26:43 000] isr        1559 3200  2  
[2021/05/19 16:26:43 001] isr        1547 ASR_MSG_AUW,   cloud  
[2021/05/19 16:26:43 001] isr        1559 3200  2  
[2021/05/19 16:26:43 162] isr        1547 ASR_MSG_AUW,   cloud  
[2021/05/19 16:26:43 163] isr        1559 3200  2  
[2021/05/19 16:26:43 163] isr        1636 ASR_MSG_GRSLT,   cloud  
[2021/05/19 16:26:43 163] isr        1335 0  udata(38071fa8) 0  
[2021/05/19 16:26:43 165] isr        1547 ASR_MSG_AUW,   cloud  
[2021/05/19 16:26:43 165] isr        1559 3200  2  
[2021/05/19 16:26:43 167] isr        1636 ASR_MSG_GRSLT,   cloud  
[2021/05/19 16:26:43 167] isr        1335 0  nil  2  
[2021/05/19 16:26:43 325] isr        1547 ASR_MSG_AUW,   cloud  
[2021/05/19 16:26:43 325] isr        1559 3200  2  
[2021/05/19 16:26:43 489] isr        1547 ASR_MSG_AUW,   cloud  
[2021/05/19 16:26:43 489] isr        1559 3200  2  
[2021/05/19 16:26:43 490] isr        1547 ASR_MSG_AUW,   cloud  
[2021/05/19 16:26:43 491] isr        1559 3200  2  
[2021/05/19 16:26:43 652] isr        1547 ASR_MSG_AUW,   cloud  
[2021/05/19 16:26:43 653] isr        1559 3200  2  
[2021/05/19 16:26:43 654] isr        1547 ASR_MSG_AUW,   cloud  
[2021/05/19 16:26:43 654] isr        1559 3200  2  
[2021/05/19 16:26:43 658] isr        854  [aud] speech end  
[2021/05/19 16:26:43 658] isr        798  3  msc  
[2021/05/19 16:26:43 658] isr        864  aud end, MSC VAD  
[2021/05/19 16:26:43 805] isr        1547 ASR_MSG_AUW,   cloud  
[2021/05/19 16:26:43 806] isr        1559 3200  2  
[2021/05/19 16:26:43 808] isr        1636 ASR_MSG_GRSLT,   cloud  
[2021/05/19 16:26:43 808] isr        1335 0  nil  2  
[2021/05/19 16:26:43 868] isr        700  cloud_status_cb, eps:  3  
[2021/05/19 16:26:43 868] isr        798  3  cloud  
[2021/05/19 16:26:43 868] isr        800  already speech end  
[2021/05/19 16:26:43 871] isr        662  cloud_rslt_cb status =   5  
[2021/05/19 16:26:43 871] isr        641  process_result call:  cloud  udata(38065a48) 5  nil  
[2021/05/19 16:26:43 871] isr        798  3  msc  
[2021/05/19 16:26:43 872] isr        800  already speech end  
[2021/05/19 16:26:43 909] isr        1636 ASR_MSG_GRSLT,   cloud  
[2021/05/19 16:26:43 909] isr        1335 0  udata(38065a48) 5  
[2021/05/19 16:26:44 010] isr        1639 ASR_MSG_SSE,   cloud  
[2021/05/19 16:26:44 011] isr        1356 session_end() [in]  
[2021/05/19 16:26:44 011] isr        1421 cloud_session_end() [in]  
[2021/05/19 16:26:44 013] isr        1488 ns_host=  open.xf-yun.com  
[2021/05/19 16:26:44 014] isr        1498 tick()mod=  9384368  
[2021/05/19 16:26:44 014] isr        1499 tick()=  9384369  
[2021/05/19 16:26:44 014] isr        1501 diff=  5634  
[2021/05/19 16:26:44 014] isr        1514 cloud_session_end() [out]  
[2021/05/19 16:26:44 015] isr        1667 isr unload!  
============================================================
Time  2021/05/19 16:27:00 985 
============================================================
[2021/05/19 16:27:00 985] isr        1659 isr loaded!  
[2021/05/19 16:27:00 985] isr        1642 SYS_MSG_REGCB param0 =   msp_status_cb  param1 =   func(a002f950) 
[2021/05/19 16:27:00 985] isr        1537 ASR_MSG_SSB  
[2021/05/19 16:27:00 985] isr        1066 session_begin() [in], params:   sub = iat, domain = iat, language = zh_cn, accent = mandarin, sample_rate = 16000, result_type = plain, result_encoding = utf8  nil  
[2021/05/19 16:27:00 985] isr        927  vad_set [in]  
[2021/05/19 16:27:00 985] isr        962  vad_enable :  true  
[2021/05/19 16:27:00 985] isr        980  vad_bos :  10000  
[2021/05/19 16:27:00 985] isr        981  vad_eos :  2000  
[2021/05/19 16:27:00 985] isr        886  enable_vad [in]  
[2021/05/19 16:27:00 985] isr        918  vad enabled!  2000  10000  
[2021/05/19 16:27:00 985] isr        921  enable_vad [out]  
[2021/05/19 16:27:00 985] isr        987  vad_set [out] | ret =  0  
[2021/05/19 16:27:00 986] isr        1187 cur_engine_type =   cloud  
[2021/05/19 16:27:00 986] isr        1001 cloud_session_begin  
[2021/05/19 16:27:00 986] isr        1013 unknown  
[2021/05/19 16:27:01 221] isr        1547 ASR_MSG_AUW,   cloud  
[2021/05/19 16:27:01 222] isr        1559 3200  1  
[2021/05/19 16:27:01 222] isr        1569 once_bytes:   3200  
[2021/05/19 16:27:01 223] isr        1547 ASR_MSG_AUW,   cloud  
[2021/05/19 16:27:01 223] isr        1559 3200  2  
[2021/05/19 16:27:01 226] isr        851  [aud] speech start  
[2021/05/19 16:27:01 226] isr        798  1  msc  
[2021/05/19 16:27:01 288] isr        700  cloud_status_cb, eps:  1  
[2021/05/19 16:27:01 288] isr        798  1  cloud  
[2021/05/19 16:27:01 288] isr        813  cloud eps ignored  
[2021/05/19 16:27:01 381] isr        1547 ASR_MSG_AUW,   cloud  
[2021/05/19 16:27:01 381] isr        1559 3200  2  
[2021/05/19 16:27:01 544] isr        1547 ASR_MSG_AUW,   cloud  
[2021/05/19 16:27:01 544] isr        1559 3200  2  
[2021/05/19 16:27:01 544] isr        1547 ASR_MSG_AUW,   cloud  
[2021/05/19 16:27:01 544] isr        1559 3200  2  
[2021/05/19 16:27:01 702] isr        1547 ASR_MSG_AUW,   cloud  
[2021/05/19 16:27:01 702] isr        1559 3200  2  
[2021/05/19 16:27:01 703] isr        1547 ASR_MSG_AUW,   cloud  
[2021/05/19 16:27:01 703] isr        1559 3200  2  
[2021/05/19 16:27:01 865] isr        1547 ASR_MSG_AUW,   cloud  
[2021/05/19 16:27:01 865] isr        1559 3200  2  
[2021/05/19 16:27:02 030] isr        1547 ASR_MSG_AUW,   cloud  
[2021/05/19 16:27:02 031] isr        1559 3200  2  
[2021/05/19 16:27:02 033] isr        1547 ASR_MSG_AUW,   cloud  
[2021/05/19 16:27:02 033] isr        1559 3200  2  
[2021/05/19 16:27:02 192] isr        1547 ASR_MSG_AUW,   cloud  
[2021/05/19 16:27:02 192] isr        1559 3200  2  
[2021/05/19 16:27:02 192] isr        1547 ASR_MSG_AUW,   cloud  
[2021/05/19 16:27:02 192] isr        1559 3200  2  
[2021/05/19 16:27:02 342] isr        1547 ASR_MSG_AUW,   cloud  
[2021/05/19 16:27:02 342] isr        1559 3200  2  
[2021/05/19 16:27:02 506] isr        1547 ASR_MSG_AUW,   cloud  
[2021/05/19 16:27:02 506] isr        1559 3200  2  
[2021/05/19 16:27:02 506] isr        1547 ASR_MSG_AUW,   cloud  
[2021/05/19 16:27:02 506] isr        1559 3200  2  
[2021/05/19 16:27:02 669] isr        1547 ASR_MSG_AUW,   cloud  
[2021/05/19 16:27:02 669] isr        1559 3200  2  
[2021/05/19 16:27:02 833] isr        1547 ASR_MSG_AUW,   cloud  
[2021/05/19 16:27:02 833] isr        1559 3200  2  
[2021/05/19 16:27:02 833] isr        1547 ASR_MSG_AUW,   cloud  
[2021/05/19 16:27:02 833] isr        1559 3200  2  
[2021/05/19 16:27:02 997] isr        1547 ASR_MSG_AUW,   cloud  
[2021/05/19 16:27:02 997] isr        1559 3200  2  
[2021/05/19 16:27:02 997] isr        1547 ASR_MSG_AUW,   cloud  
[2021/05/19 16:27:02 997] isr        1559 3200  2  
[2021/05/19 16:27:03 160] isr        1547 ASR_MSG_AUW,   cloud  
[2021/05/19 16:27:03 160] isr        1559 3200  2  
[2021/05/19 16:27:03 323] isr        1547 ASR_MSG_AUW,   cloud  
[2021/05/19 16:27:03 323] isr        1559 3200  2  
[2021/05/19 16:27:03 323] isr        1547 ASR_MSG_AUW,   cloud  
[2021/05/19 16:27:03 323] isr        1559 3200  2  
[2021/05/19 16:27:03 486] isr        1547 ASR_MSG_AUW,   cloud  
[2021/05/19 16:27:03 486] isr        1559 3200  2  
[2021/05/19 16:27:03 486] isr        1547 ASR_MSG_AUW,   cloud  
[2021/05/19 16:27:03 486] isr        1559 3200  2  
[2021/05/19 16:27:03 623] isr        1547 ASR_MSG_AUW,   cloud  
[2021/05/19 16:27:03 623] isr        1559 3200  2  
[2021/05/19 16:27:03 786] isr        1547 ASR_MSG_AUW,   cloud  
[2021/05/19 16:27:03 786] isr        1559 3200  2  
[2021/05/19 16:27:03 786] isr        1547 ASR_MSG_AUW,   cloud  
[2021/05/19 16:27:03 786] isr        1559 3200  2  
[2021/05/19 16:27:03 949] isr        1547 ASR_MSG_AUW,   cloud  
[2021/05/19 16:27:03 949] isr        1559 3200  2  
[2021/05/19 16:27:04 015] isr        662  cloud_rslt_cb status =   0  
[2021/05/19 16:27:04 015] isr        641  process_result call:  cloud  udata(a0038458) 0  nil  
[2021/05/19 16:27:04 111] isr        1547 ASR_MSG_AUW,   cloud  
[2021/05/19 16:27:04 111] isr        1559 3200  2  
[2021/05/19 16:27:04 111] isr        1547 ASR_MSG_AUW,   cloud  
[2021/05/19 16:27:04 111] isr        1559 3200  2  
[2021/05/19 16:27:04 274] isr        1547 ASR_MSG_AUW,   cloud  
[2021/05/19 16:27:04 274] isr        1559 3200  2  
[2021/05/19 16:27:04 274] isr        1636 ASR_MSG_GRSLT,   cloud  
[2021/05/19 16:27:04 274] isr        1335 0  udata(a0038458) 0  
[2021/05/19 16:27:04 437] isr        1547 ASR_MSG_AUW,   cloud  
[2021/05/19 16:27:04 437] isr        1559 3200  2  
[2021/05/19 16:27:04 437] isr        1636 ASR_MSG_GRSLT,   cloud  
[2021/05/19 16:27:04 437] isr        1335 0  nil  2  
[2021/05/19 16:27:04 438] isr        1547 ASR_MSG_AUW,   cloud  
[2021/05/19 16:27:04 438] isr        1559 3200  2  
[2021/05/19 16:27:04 600] isr        1547 ASR_MSG_AUW,   cloud  
[2021/05/19 16:27:04 600] isr        1559 3200  2  
[2021/05/19 16:27:04 600] isr        1547 ASR_MSG_AUW,   cloud  
[2021/05/19 16:27:04 600] isr        1559 3200  2  
[2021/05/19 16:27:04 763] isr        1547 ASR_MSG_AUW,   cloud  
[2021/05/19 16:27:04 763] isr        1559 3200  2  
[2021/05/19 16:27:04 925] isr        1547 ASR_MSG_AUW,   cloud  
[2021/05/19 16:27:04 925] isr        1559 3200  2  
[2021/05/19 16:27:04 926] isr        1547 ASR_MSG_AUW,   cloud  
[2021/05/19 16:27:04 926] isr        1559 3200  2  
[2021/05/19 16:27:05 089] isr        1547 ASR_MSG_AUW,   cloud  
[2021/05/19 16:27:05 089] isr        1559 3200  2  
[2021/05/19 16:27:05 090] isr        1547 ASR_MSG_AUW,   cloud  
[2021/05/19 16:27:05 090] isr        1559 3200  2  
[2021/05/19 16:27:05 251] isr        1547 ASR_MSG_AUW,   cloud  
[2021/05/19 16:27:05 251] isr        1559 3200  2  
[2021/05/19 16:27:05 415] isr        1547 ASR_MSG_AUW,   cloud  
[2021/05/19 16:27:05 415] isr        1559 3200  2  
[2021/05/19 16:27:05 416] isr        1547 ASR_MSG_AUW,   cloud  
[2021/05/19 16:27:05 416] isr        1559 3200  2  
[2021/05/19 16:27:05 578] isr        1547 ASR_MSG_AUW,   cloud  
[2021/05/19 16:27:05 578] isr        1559 3200  2  
[2021/05/19 16:27:05 670] isr        662  cloud_rslt_cb status =   5  
[2021/05/19 16:27:05 670] isr        641  process_result call:  cloud  udata(a00364e8) 5  nil  
[2021/05/19 16:27:05 670] isr        798  3  msc  
[2021/05/19 16:27:05 739] isr        1547 ASR_MSG_AUW,   cloud  
[2021/05/19 16:27:05 739] isr        1559 3200  2  
[2021/05/19 16:27:05 739] isr        1636 ASR_MSG_GRSLT,   cloud  
[2021/05/19 16:27:05 739] isr        1335 0  udata(a00364e8) 5  
[2021/05/19 16:27:05 840] isr        1639 ASR_MSG_SSE,   cloud  
[2021/05/19 16:27:05 841] isr        1356 session_end() [in]  
[2021/05/19 16:27:05 841] isr        1421 cloud_session_end() [in]  
[2021/05/19 16:27:05 844] isr        1488 ns_host=  open.xf-yun.com  
[2021/05/19 16:27:05 844] isr        1498 tick()mod=  9406199  
[2021/05/19 16:27:05 845] isr        1499 tick()=  9406199  
[2021/05/19 16:27:05 845] isr        1501 diff=  4700  
[2021/05/19 16:27:05 845] isr        1514 cloud_session_end() [out]  
[2021/05/19 16:27:05 846] isr        1667 isr unload!  
============================================================
Time  2021/05/19 17:32:13 574 
============================================================
[2021/05/19 17:32:13 574] isr        1659 isr loaded!  
[2021/05/19 17:32:13 575] isr        1642 SYS_MSG_REGCB param0 =   msp_status_cb  param1 =   func(c402df40) 
[2021/05/19 17:32:13 575] isr        1537 ASR_MSG_SSB  
[2021/05/19 17:32:13 575] isr        1066 session_begin() [in], params:   sub = iat, domain = iat, language = zh_cn, accent = mandarin, sample_rate = 16000, result_type = plain, result_encoding = utf8  nil  
[2021/05/19 17:32:13 575] isr        927  vad_set [in]  
[2021/05/19 17:32:13 575] isr        962  vad_enable :  true  
[2021/05/19 17:32:13 575] isr        980  vad_bos :  10000  
[2021/05/19 17:32:13 575] isr        981  vad_eos :  2000  
[2021/05/19 17:32:13 575] isr        886  enable_vad [in]  
[2021/05/19 17:32:13 576] isr        918  vad enabled!  2000  10000  
[2021/05/19 17:32:13 576] isr        921  enable_vad [out]  
[2021/05/19 17:32:13 576] isr        987  vad_set [out] | ret =  0  
[2021/05/19 17:32:13 576] isr        1187 cur_engine_type =   cloud  
[2021/05/19 17:32:13 576] isr        1001 cloud_session_begin  
[2021/05/19 17:32:13 576] isr        1013 unknown  
[2021/05/19 17:32:13 811] isr        1547 ASR_MSG_AUW,   cloud  
[2021/05/19 17:32:13 812] isr        1559 3200  1  
[2021/05/19 17:32:13 812] isr        1569 once_bytes:   3200  
[2021/05/19 17:32:13 812] isr        1547 ASR_MSG_AUW,   cloud  
[2021/05/19 17:32:13 812] isr        1559 3200  2  
[2021/05/19 17:32:13 813] isr        851  [aud] speech start  
[2021/05/19 17:32:13 813] isr        798  1  msc  
[2021/05/19 17:32:13 862] isr        700  cloud_status_cb, eps:  1  
[2021/05/19 17:32:13 862] isr        798  1  cloud  
[2021/05/19 17:32:13 863] isr        813  cloud eps ignored  
[2021/05/19 17:32:13 972] isr        1547 ASR_MSG_AUW,   cloud  
[2021/05/19 17:32:13 973] isr        1559 3200  2  
[2021/05/19 17:32:13 974] isr        1547 ASR_MSG_AUW,   cloud  
[2021/05/19 17:32:13 974] isr        1559 3200  2  
[2021/05/19 17:32:14 135] isr        1547 ASR_MSG_AUW,   cloud  
[2021/05/19 17:32:14 135] isr        1559 3200  2  
[2021/05/19 17:32:14 292] isr        1547 ASR_MSG_AUW,   cloud  
[2021/05/19 17:32:14 293] isr        1559 3200  2  
[2021/05/19 17:32:14 293] isr        1547 ASR_MSG_AUW,   cloud  
[2021/05/19 17:32:14 293] isr        1559 3200  2  
[2021/05/19 17:32:14 455] isr        1547 ASR_MSG_AUW,   cloud  
[2021/05/19 17:32:14 455] isr        1559 3200  2  
[2021/05/19 17:32:14 618] isr        1547 ASR_MSG_AUW,   cloud  
[2021/05/19 17:32:14 619] isr        1559 3200  2  
[2021/05/19 17:32:14 619] isr        1547 ASR_MSG_AUW,   cloud  
[2021/05/19 17:32:14 619] isr        1559 3200  2  
[2021/05/19 17:32:14 781] isr        1547 ASR_MSG_AUW,   cloud  
[2021/05/19 17:32:14 781] isr        1559 3200  2  
[2021/05/19 17:32:14 782] isr        1547 ASR_MSG_AUW,   cloud  
[2021/05/19 17:32:14 782] isr        1559 3200  2  
[2021/05/19 17:32:14 933] isr        1547 ASR_MSG_AUW,   cloud  
[2021/05/19 17:32:14 933] isr        1559 3200  2  
[2021/05/19 17:32:15 096] isr        1547 ASR_MSG_AUW,   cloud  
[2021/05/19 17:32:15 096] isr        1559 3200  2  
[2021/05/19 17:32:15 097] isr        1547 ASR_MSG_AUW,   cloud  
[2021/05/19 17:32:15 097] isr        1559 3200  2  
[2021/05/19 17:32:15 259] isr        1547 ASR_MSG_AUW,   cloud  
[2021/05/19 17:32:15 259] isr        1559 3200  2  
[2021/05/19 17:32:15 422] isr        1547 ASR_MSG_AUW,   cloud  
[2021/05/19 17:32:15 422] isr        1559 3200  2  
[2021/05/19 17:32:15 422] isr        1547 ASR_MSG_AUW,   cloud  
[2021/05/19 17:32:15 422] isr        1559 3200  2  
[2021/05/19 17:32:15 585] isr        1547 ASR_MSG_AUW,   cloud  
[2021/05/19 17:32:15 585] isr        1559 3200  2  
[2021/05/19 17:32:15 585] isr        1547 ASR_MSG_AUW,   cloud  
[2021/05/19 17:32:15 585] isr        1559 3200  2  
[2021/05/19 17:32:15 747] isr        1547 ASR_MSG_AUW,   cloud  
[2021/05/19 17:32:15 747] isr        1559 3200  2  
[2021/05/19 17:32:15 910] isr        1547 ASR_MSG_AUW,   cloud  
[2021/05/19 17:32:15 911] isr        1559 3200  2  
[2021/05/19 17:32:15 911] isr        1547 ASR_MSG_AUW,   cloud  
[2021/05/19 17:32:15 911] isr        1559 3200  2  
[2021/05/19 17:32:16 018] isr        662  cloud_rslt_cb status =   0  
[2021/05/19 17:32:16 019] isr        641  process_result call:  cloud  udata(c401e908) 0  nil  
[2021/05/19 17:32:16 074] isr        1547 ASR_MSG_AUW,   cloud  
[2021/05/19 17:32:16 074] isr        1559 3200  2  
[2021/05/19 17:32:16 075] isr        1547 ASR_MSG_AUW,   cloud  
[2021/05/19 17:32:16 075] isr        1559 3200  2  
[2021/05/19 17:32:16 214] isr        1547 ASR_MSG_AUW,   cloud  
[2021/05/19 17:32:16 214] isr        1559 3200  2  
[2021/05/19 17:32:16 214] isr        1636 ASR_MSG_GRSLT,   cloud  
[2021/05/19 17:32:16 215] isr        1335 0  udata(c401e908) 0  
[2021/05/19 17:32:16 377] isr        1547 ASR_MSG_AUW,   cloud  
[2021/05/19 17:32:16 377] isr        1559 3200  2  
[2021/05/19 17:32:16 377] isr        1636 ASR_MSG_GRSLT,   cloud  
[2021/05/19 17:32:16 377] isr        1335 0  nil  2  
[2021/05/19 17:32:16 378] isr        1547 ASR_MSG_AUW,   cloud  
[2021/05/19 17:32:16 378] isr        1559 3200  2  
[2021/05/19 17:32:16 540] isr        1547 ASR_MSG_AUW,   cloud  
[2021/05/19 17:32:16 540] isr        1559 3200  2  
[2021/05/19 17:32:16 703] isr        1547 ASR_MSG_AUW,   cloud  
[2021/05/19 17:32:16 703] isr        1559 3200  2  
[2021/05/19 17:32:16 704] isr        1547 ASR_MSG_AUW,   cloud  
[2021/05/19 17:32:16 704] isr        1559 3200  2  
[2021/05/19 17:32:16 866] isr        1547 ASR_MSG_AUW,   cloud  
[2021/05/19 17:32:16 866] isr        1559 3200  2  
[2021/05/19 17:32:17 029] isr        1547 ASR_MSG_AUW,   cloud  
[2021/05/19 17:32:17 029] isr        1559 3200  2  
[2021/05/19 17:32:17 029] isr        1547 ASR_MSG_AUW,   cloud  
[2021/05/19 17:32:17 030] isr        1559 3200  2  
[2021/05/19 17:32:17 192] isr        1547 ASR_MSG_AUW,   cloud  
[2021/05/19 17:32:17 192] isr        1559 3200  2  
[2021/05/19 17:32:17 193] isr        1547 ASR_MSG_AUW,   cloud  
[2021/05/19 17:32:17 193] isr        1559 3200  2  
[2021/05/19 17:32:17 355] isr        1547 ASR_MSG_AUW,   cloud  
[2021/05/19 17:32:17 355] isr        1559 3200  2  
[2021/05/19 17:32:17 518] isr        1547 ASR_MSG_AUW,   cloud  
[2021/05/19 17:32:17 518] isr        1559 3200  2  
[2021/05/19 17:32:17 520] isr        1547 ASR_MSG_AUW,   cloud  
[2021/05/19 17:32:17 520] isr        1559 3200  2  
[2021/05/19 17:32:17 668] isr        662  cloud_rslt_cb status =   5  
[2021/05/19 17:32:17 668] isr        641  process_result call:  cloud  udata(c40447f8) 5  nil  
[2021/05/19 17:32:17 668] isr        798  3  msc  
[2021/05/19 17:32:17 680] isr        1547 ASR_MSG_AUW,   cloud  
[2021/05/19 17:32:17 681] isr        1559 3200  2  
[2021/05/19 17:32:17 681] isr        1636 ASR_MSG_GRSLT,   cloud  
[2021/05/19 17:32:17 681] isr        1335 0  udata(c40447f8) 5  
[2021/05/19 17:32:17 782] isr        1639 ASR_MSG_SSE,   cloud  
[2021/05/19 17:32:17 782] isr        1356 session_end() [in]  
[2021/05/19 17:32:17 782] isr        1421 cloud_session_end() [in]  
[2021/05/19 17:32:17 783] isr        1488 ns_host=  open.xf-yun.com  
[2021/05/19 17:32:17 783] isr        1498 tick()mod=  13318138  
[2021/05/19 17:32:17 784] isr        1499 tick()=  13318138  
[2021/05/19 17:32:17 784] isr        1501 diff=  4072  
[2021/05/19 17:32:17 784] isr        1514 cloud_session_end() [out]  
[2021/05/19 17:32:17 784] isr        1667 isr unload!  
============================================================
Time  2021/06/03 21:26:26 351 
============================================================
[2021/06/03 21:26:26 351] isr        1659 isr loaded!  
[2021/06/03 21:26:26 723] isr        1642 SYS_MSG_REGCB param0 =   msp_status_cb  param1 =   func(a4068f20) 
[2021/06/03 21:26:26 724] isr        1537 ASR_MSG_SSB  
[2021/06/03 21:26:26 724] isr        1066 session_begin() [in], params:   sub = iat, domain = iat, language = zh_cn, accent = mandarin, sample_rate = 16000, result_type = plain, result_encoding = utf8  nil  
[2021/06/03 21:26:26 724] isr        927  vad_set [in]  
[2021/06/03 21:26:26 724] isr        962  vad_enable :  true  
[2021/06/03 21:26:26 724] isr        980  vad_bos :  10000  
[2021/06/03 21:26:26 724] isr        981  vad_eos :  2000  
[2021/06/03 21:26:26 725] isr        886  enable_vad [in]  
[2021/06/03 21:26:26 726] isr        918  vad enabled!  2000  10000  
[2021/06/03 21:26:26 726] isr        921  enable_vad [out]  
[2021/06/03 21:26:26 726] isr        987  vad_set [out] | ret =  0  
[2021/06/03 21:26:26 726] isr        1187 cur_engine_type =   cloud  
[2021/06/03 21:26:26 726] isr        1001 cloud_session_begin  
[2021/06/03 21:26:26 726] isr        1013 unknown  
[2021/06/03 21:26:26 731] isr        1639 ASR_MSG_SSE,   cloud  
[2021/06/03 21:26:26 731] isr        1356 session_end() [in]  
[2021/06/03 21:26:26 731] isr        1421 cloud_session_end() [in]  
[2021/06/03 21:26:26 732] isr        1488 ns_host=  nil  
[2021/06/03 21:26:26 732] isr        1514 cloud_session_end() [out]  
[2021/06/03 21:26:26 732] isr        1667 isr unload!  
============================================================
Time  2021/06/03 21:26:42 881 
============================================================
[2021/06/03 21:26:42 881] isr        1659 isr loaded!  
[2021/06/03 21:26:42 881] isr        1642 SYS_MSG_REGCB param0 =   msp_status_cb  param1 =   func(d802f950) 
[2021/06/03 21:26:42 881] isr        1537 ASR_MSG_SSB  
[2021/06/03 21:26:42 881] isr        1066 session_begin() [in], params:   sub = iat, domain = iat, language = zh_cn, accent = mandarin, sample_rate = 16000, result_type = plain, result_encoding = utf8  nil  
[2021/06/03 21:26:42 881] isr        927  vad_set [in]  
[2021/06/03 21:26:42 882] isr        962  vad_enable :  true  
[2021/06/03 21:26:42 882] isr        980  vad_bos :  10000  
[2021/06/03 21:26:42 882] isr        981  vad_eos :  2000  
[2021/06/03 21:26:42 882] isr        886  enable_vad [in]  
[2021/06/03 21:26:42 882] isr        918  vad enabled!  2000  10000  
[2021/06/03 21:26:42 882] isr        921  enable_vad [out]  
[2021/06/03 21:26:42 882] isr        987  vad_set [out] | ret =  0  
[2021/06/03 21:26:42 882] isr        1187 cur_engine_type =   cloud  
[2021/06/03 21:26:42 882] isr        1001 cloud_session_begin  
[2021/06/03 21:26:42 882] isr        1013 unknown  
[2021/06/03 21:26:43 119] isr        1547 ASR_MSG_AUW,   cloud  
[2021/06/03 21:26:43 119] isr        1559 3200  1  
[2021/06/03 21:26:43 119] isr        1569 once_bytes:   3200  
[2021/06/03 21:26:43 120] isr        1547 ASR_MSG_AUW,   cloud  
[2021/06/03 21:26:43 120] isr        1559 3200  2  
[2021/06/03 21:26:43 123] isr        851  [aud] speech start  
[2021/06/03 21:26:43 123] isr        798  1  msc  
[2021/06/03 21:26:43 178] isr        700  cloud_status_cb, eps:  1  
[2021/06/03 21:26:43 178] isr        798  1  cloud  
[2021/06/03 21:26:43 178] isr        813  cloud eps ignored  
[2021/06/03 21:26:43 279] isr        1547 ASR_MSG_AUW,   cloud  
[2021/06/03 21:26:43 279] isr        1559 3200  2  
[2021/06/03 21:26:43 442] isr        1547 ASR_MSG_AUW,   cloud  
[2021/06/03 21:26:43 443] isr        1559 3200  2  
[2021/06/03 21:26:43 444] isr        1547 ASR_MSG_AUW,   cloud  
[2021/06/03 21:26:43 444] isr        1559 3200  2  
[2021/06/03 21:26:43 600] isr        1547 ASR_MSG_AUW,   cloud  
[2021/06/03 21:26:43 601] isr        1559 3200  2  
[2021/06/03 21:26:43 602] isr        1547 ASR_MSG_AUW,   cloud  
[2021/06/03 21:26:43 602] isr        1559 3200  2  
[2021/06/03 21:26:43 763] isr        1547 ASR_MSG_AUW,   cloud  
[2021/06/03 21:26:43 763] isr        1559 3200  2  
[2021/06/03 21:26:43 927] isr        1547 ASR_MSG_AUW,   cloud  
[2021/06/03 21:26:43 927] isr        1559 3200  2  
[2021/06/03 21:26:43 928] isr        1547 ASR_MSG_AUW,   cloud  
[2021/06/03 21:26:43 929] isr        1559 3200  2  
[2021/06/03 21:26:44 090] isr        1547 ASR_MSG_AUW,   cloud  
[2021/06/03 21:26:44 090] isr        1559 3200  2  
[2021/06/03 21:26:44 091] isr        1547 ASR_MSG_AUW,   cloud  
[2021/06/03 21:26:44 091] isr        1559 3200  2  
[2021/06/03 21:26:44 241] isr        1547 ASR_MSG_AUW,   cloud  
[2021/06/03 21:26:44 241] isr        1559 3200  2  
[2021/06/03 21:26:44 405] isr        1547 ASR_MSG_AUW,   cloud  
[2021/06/03 21:26:44 405] isr        1559 3200  2  
[2021/06/03 21:26:44 406] isr        1547 ASR_MSG_AUW,   cloud  
[2021/06/03 21:26:44 406] isr        1559 3200  2  
[2021/06/03 21:26:44 568] isr        1547 ASR_MSG_AUW,   cloud  
[2021/06/03 21:26:44 568] isr        1559 3200  2  
[2021/06/03 21:26:44 731] isr        1547 ASR_MSG_AUW,   cloud  
[2021/06/03 21:26:44 732] isr        1559 3200  2  
[2021/06/03 21:26:44 732] isr        1547 ASR_MSG_AUW,   cloud  
[2021/06/03 21:26:44 733] isr        1559 3200  2  
[2021/06/03 21:26:44 894] isr        1547 ASR_MSG_AUW,   cloud  
[2021/06/03 21:26:44 895] isr        1559 3200  2  
[2021/06/03 21:26:44 896] isr        1547 ASR_MSG_AUW,   cloud  
[2021/06/03 21:26:44 896] isr        1559 3200  2  
[2021/06/03 21:26:45 058] isr        1547 ASR_MSG_AUW,   cloud  
[2021/06/03 21:26:45 058] isr        1559 3200  2  
[2021/06/03 21:26:45 221] isr        1547 ASR_MSG_AUW,   cloud  
[2021/06/03 21:26:45 221] isr        1559 3200  2  
[2021/06/03 21:26:45 222] isr        1547 ASR_MSG_AUW,   cloud  
[2021/06/03 21:26:45 223] isr        1559 3200  2  
[2021/06/03 21:26:45 384] isr        1547 ASR_MSG_AUW,   cloud  
[2021/06/03 21:26:45 385] isr        1559 3200  2  
[2021/06/03 21:26:45 386] isr        1547 ASR_MSG_AUW,   cloud  
[2021/06/03 21:26:45 386] isr        1559 3200  2  
[2021/06/03 21:26:45 521] isr        1547 ASR_MSG_AUW,   cloud  
[2021/06/03 21:26:45 521] isr        1559 3200  2  
[2021/06/03 21:26:45 684] isr        1547 ASR_MSG_AUW,   cloud  
[2021/06/03 21:26:45 685] isr        1559 3200  2  
[2021/06/03 21:26:45 686] isr        1547 ASR_MSG_AUW,   cloud  
[2021/06/03 21:26:45 686] isr        1559 3200  2  
[2021/06/03 21:26:45 848] isr        1547 ASR_MSG_AUW,   cloud  
[2021/06/03 21:26:45 848] isr        1559 3200  2  
[2021/06/03 21:26:45 903] isr        662  cloud_rslt_cb status =   0  
[2021/06/03 21:26:45 904] isr        641  process_result call:  cloud  udata(d80361e8) 0  nil  
[2021/06/03 21:26:46 011] isr        1547 ASR_MSG_AUW,   cloud  
[2021/06/03 21:26:46 012] isr        1559 3200  2  
[2021/06/03 21:26:46 012] isr        1547 ASR_MSG_AUW,   cloud  
[2021/06/03 21:26:46 013] isr        1559 3200  2  
[2021/06/03 21:26:46 174] isr        1547 ASR_MSG_AUW,   cloud  
[2021/06/03 21:26:46 174] isr        1559 3200  2  
[2021/06/03 21:26:46 175] isr        1636 ASR_MSG_GRSLT,   cloud  
[2021/06/03 21:26:46 175] isr        1335 0  udata(d80361e8) 0  
[2021/06/03 21:26:46 338] isr        1547 ASR_MSG_AUW,   cloud  
[2021/06/03 21:26:46 338] isr        1559 3200  2  
[2021/06/03 21:26:46 339] isr        1636 ASR_MSG_GRSLT,   cloud  
[2021/06/03 21:26:46 339] isr        1335 0  nil  2  
[2021/06/03 21:26:46 340] isr        1547 ASR_MSG_AUW,   cloud  
[2021/06/03 21:26:46 341] isr        1559 3200  2  
[2021/06/03 21:26:46 501] isr        1547 ASR_MSG_AUW,   cloud  
[2021/06/03 21:26:46 501] isr        1559 3200  2  
[2021/06/03 21:26:46 502] isr        1547 ASR_MSG_AUW,   cloud  
[2021/06/03 21:26:46 502] isr        1559 3200  2  
[2021/06/03 21:26:46 664] isr        1547 ASR_MSG_AUW,   cloud  
[2021/06/03 21:26:46 664] isr        1559 3200  2  
[2021/06/03 21:26:46 827] isr        1547 ASR_MSG_AUW,   cloud  
[2021/06/03 21:26:46 828] isr        1559 3200  2  
[2021/06/03 21:26:46 828] isr        1547 ASR_MSG_AUW,   cloud  
[2021/06/03 21:26:46 829] isr        1559 3200  2  
[2021/06/03 21:26:46 990] isr        1547 ASR_MSG_AUW,   cloud  
[2021/06/03 21:26:46 991] isr        1559 3200  2  
[2021/06/03 21:26:46 991] isr        1547 ASR_MSG_AUW,   cloud  
[2021/06/03 21:26:46 992] isr        1559 3200  2  
[2021/06/03 21:26:46 994] isr        854  [aud] speech end  
[2021/06/03 21:26:46 994] isr        798  3  msc  
[2021/06/03 21:26:46 994] isr        864  aud end, MSC VAD  
[2021/06/03 21:26:47 078] isr        700  cloud_status_cb, eps:  3  
[2021/06/03 21:26:47 078] isr        798  3  cloud  
[2021/06/03 21:26:47 078] isr        800  already speech end  
[2021/06/03 21:26:47 082] isr        662  cloud_rslt_cb status =   5  
[2021/06/03 21:26:47 082] isr        641  process_result call:  cloud  udata(d8035648) 5  nil  
[2021/06/03 21:26:47 082] isr        798  3  msc  
[2021/06/03 21:26:47 083] isr        800  already speech end  
[2021/06/03 21:26:47 153] isr        1547 ASR_MSG_AUW,   cloud  
[2021/06/03 21:26:47 153] isr        1559 3200  2  
[2021/06/03 21:26:47 155] isr        1636 ASR_MSG_GRSLT,   cloud  
[2021/06/03 21:26:47 155] isr        1335 0  udata(d8035648) 5  
[2021/06/03 21:26:47 256] isr        1639 ASR_MSG_SSE,   cloud  
[2021/06/03 21:26:47 257] isr        1356 session_end() [in]  
[2021/06/03 21:26:47 257] isr        1421 cloud_session_end() [in]  
[2021/06/03 21:26:47 259] isr        1488 ns_host=  open.xf-yun.com  
[2021/06/03 21:26:47 259] isr        1498 tick()mod=  487325  
[2021/06/03 21:26:47 260] isr        1499 tick()=  487326  
[2021/06/03 21:26:47 260] isr        1501 diff=  4251  
[2021/06/03 21:26:47 260] isr        1514 cloud_session_end() [out]  
[2021/06/03 21:26:47 261] isr        1667 isr unload!  
============================================================
Time  2021/06/03 21:27:04 259 
============================================================
[2021/06/03 21:27:04 259] isr        1659 isr loaded!  
[2021/06/03 21:27:04 259] isr        1642 SYS_MSG_REGCB param0 =   msp_status_cb  param1 =   func(5402f950) 
[2021/06/03 21:27:04 260] isr        1537 ASR_MSG_SSB  
[2021/06/03 21:27:04 260] isr        1066 session_begin() [in], params:   sub = iat, domain = iat, language = zh_cn, accent = mandarin, sample_rate = 16000, result_type = plain, result_encoding = utf8  nil  
[2021/06/03 21:27:04 260] isr        927  vad_set [in]  
[2021/06/03 21:27:04 260] isr        962  vad_enable :  true  
[2021/06/03 21:27:04 260] isr        980  vad_bos :  10000  
[2021/06/03 21:27:04 260] isr        981  vad_eos :  2000  
[2021/06/03 21:27:04 260] isr        886  enable_vad [in]  
[2021/06/03 21:27:04 260] isr        918  vad enabled!  2000  10000  
[2021/06/03 21:27:04 261] isr        921  enable_vad [out]  
[2021/06/03 21:27:04 261] isr        987  vad_set [out] | ret =  0  
[2021/06/03 21:27:04 261] isr        1187 cur_engine_type =   cloud  
[2021/06/03 21:27:04 261] isr        1001 cloud_session_begin  
[2021/06/03 21:27:04 261] isr        1013 unknown  
[2021/06/03 21:27:04 498] isr        1547 ASR_MSG_AUW,   cloud  
[2021/06/03 21:27:04 499] isr        1559 3200  1  
[2021/06/03 21:27:04 499] isr        1569 once_bytes:   3200  
[2021/06/03 21:27:04 499] isr        1547 ASR_MSG_AUW,   cloud  
[2021/06/03 21:27:04 500] isr        1559 3200  2  
[2021/06/03 21:27:04 502] isr        851  [aud] speech start  
[2021/06/03 21:27:04 502] isr        798  1  msc  
[2021/06/03 21:27:04 552] isr        700  cloud_status_cb, eps:  1  
[2021/06/03 21:27:04 552] isr        798  1  cloud  
[2021/06/03 21:27:04 552] isr        813  cloud eps ignored  
[2021/06/03 21:27:04 658] isr        1547 ASR_MSG_AUW,   cloud  
[2021/06/03 21:27:04 659] isr        1559 3200  2  
[2021/06/03 21:27:04 659] isr        1547 ASR_MSG_AUW,   cloud  
[2021/06/03 21:27:04 660] isr        1559 3200  2  
[2021/06/03 21:27:04 822] isr        1547 ASR_MSG_AUW,   cloud  
[2021/06/03 21:27:04 822] isr        1559 3200  2  
[2021/06/03 21:27:04 979] isr        1547 ASR_MSG_AUW,   cloud  
[2021/06/03 21:27:04 980] isr        1559 3200  2  
[2021/06/03 21:27:04 980] isr        1547 ASR_MSG_AUW,   cloud  
[2021/06/03 21:27:04 980] isr        1559 3200  2  
[2021/06/03 21:27:05 142] isr        1547 ASR_MSG_AUW,   cloud  
[2021/06/03 21:27:05 142] isr        1559 3200  2  
[2021/06/03 21:27:05 306] isr        1547 ASR_MSG_AUW,   cloud  
[2021/06/03 21:27:05 307] isr        1559 3200  2  
[2021/06/03 21:27:05 308] isr        1547 ASR_MSG_AUW,   cloud  
[2021/06/03 21:27:05 308] isr        1559 3200  2  
[2021/06/03 21:27:05 470] isr        1547 ASR_MSG_AUW,   cloud  
[2021/06/03 21:27:05 471] isr        1559 3200  2  
[2021/06/03 21:27:05 472] isr        1547 ASR_MSG_AUW,   cloud  
[2021/06/03 21:27:05 472] isr        1559 3200  2  
[2021/06/03 21:27:05 619] isr        1547 ASR_MSG_AUW,   cloud  
[2021/06/03 21:27:05 619] isr        1559 3200  2  
[2021/06/03 21:27:05 782] isr        1547 ASR_MSG_AUW,   cloud  
[2021/06/03 21:27:05 783] isr        1559 3200  2  
[2021/06/03 21:27:05 783] isr        1547 ASR_MSG_AUW,   cloud  
[2021/06/03 21:27:05 784] isr        1559 3200  2  
[2021/06/03 21:27:05 946] isr        1547 ASR_MSG_AUW,   cloud  
[2021/06/03 21:27:05 946] isr        1559 3200  2  
[2021/06/03 21:27:06 109] isr        1547 ASR_MSG_AUW,   cloud  
[2021/06/03 21:27:06 109] isr        1559 3200  2  
[2021/06/03 21:27:06 110] isr        1547 ASR_MSG_AUW,   cloud  
[2021/06/03 21:27:06 110] isr        1559 3200  2  
[2021/06/03 21:27:06 272] isr        1547 ASR_MSG_AUW,   cloud  
[2021/06/03 21:27:06 272] isr        1559 3200  2  
[2021/06/03 21:27:06 273] isr        1547 ASR_MSG_AUW,   cloud  
[2021/06/03 21:27:06 273] isr        1559 3200  2  
[2021/06/03 21:27:06 435] isr        1547 ASR_MSG_AUW,   cloud  
[2021/06/03 21:27:06 435] isr        1559 3200  2  
[2021/06/03 21:27:06 598] isr        1547 ASR_MSG_AUW,   cloud  
[2021/06/03 21:27:06 599] isr        1559 3200  2  
[2021/06/03 21:27:06 599] isr        1547 ASR_MSG_AUW,   cloud  
[2021/06/03 21:27:06 599] isr        1559 3200  2  
[2021/06/03 21:27:06 761] isr        1547 ASR_MSG_AUW,   cloud  
[2021/06/03 21:27:06 762] isr        1559 3200  2  
[2021/06/03 21:27:06 763] isr        1547 ASR_MSG_AUW,   cloud  
[2021/06/03 21:27:06 763] isr        1559 3200  2  
[2021/06/03 21:27:06 901] isr        1547 ASR_MSG_AUW,   cloud  
[2021/06/03 21:27:06 901] isr        1559 3200  2  
[2021/06/03 21:27:07 065] isr        1547 ASR_MSG_AUW,   cloud  
[2021/06/03 21:27:07 066] isr        1559 3200  2  
[2021/06/03 21:27:07 066] isr        1547 ASR_MSG_AUW,   cloud  
[2021/06/03 21:27:07 067] isr        1559 3200  2  
[2021/06/03 21:27:07 228] isr        1547 ASR_MSG_AUW,   cloud  
[2021/06/03 21:27:07 228] isr        1559 3200  2  
[2021/06/03 21:27:07 391] isr        1547 ASR_MSG_AUW,   cloud  
[2021/06/03 21:27:07 392] isr        1559 3200  2  
[2021/06/03 21:27:07 393] isr        1547 ASR_MSG_AUW,   cloud  
[2021/06/03 21:27:07 393] isr        1559 3200  2  
[2021/06/03 21:27:07 556] isr        1547 ASR_MSG_AUW,   cloud  
[2021/06/03 21:27:07 556] isr        1559 3200  2  
[2021/06/03 21:27:07 720] isr        1547 ASR_MSG_AUW,   cloud  
[2021/06/03 21:27:07 720] isr        1559 3200  2  
[2021/06/03 21:27:07 721] isr        1547 ASR_MSG_AUW,   cloud  
[2021/06/03 21:27:07 721] isr        1559 3200  2  
[2021/06/03 21:27:07 884] isr        1547 ASR_MSG_AUW,   cloud  
[2021/06/03 21:27:07 884] isr        1559 3200  2  
[2021/06/03 21:27:07 885] isr        1547 ASR_MSG_AUW,   cloud  
[2021/06/03 21:27:07 885] isr        1559 3200  2  
[2021/06/03 21:27:07 969] isr        662  cloud_rslt_cb status =   0  
[2021/06/03 21:27:07 969] isr        641  process_result call:  cloud  udata(54038c78) 0  nil  
[2021/06/03 21:27:08 047] isr        1547 ASR_MSG_AUW,   cloud  
[2021/06/03 21:27:08 047] isr        1559 3200  2  
[2021/06/03 21:27:08 211] isr        1547 ASR_MSG_AUW,   cloud  
[2021/06/03 21:27:08 212] isr        1559 3200  2  
[2021/06/03 21:27:08 212] isr        1636 ASR_MSG_GRSLT,   cloud  
[2021/06/03 21:27:08 213] isr        1335 0  udata(54038c78) 0  
[2021/06/03 21:27:08 214] isr        1547 ASR_MSG_AUW,   cloud  
[2021/06/03 21:27:08 214] isr        1559 3200  2  
[2021/06/03 21:27:08 216] isr        1636 ASR_MSG_GRSLT,   cloud  
[2021/06/03 21:27:08 216] isr        1335 0  nil  2  
[2021/06/03 21:27:08 374] isr        1547 ASR_MSG_AUW,   cloud  
[2021/06/03 21:27:08 375] isr        1559 3200  2  
[2021/06/03 21:27:08 376] isr        1547 ASR_MSG_AUW,   cloud  
[2021/06/03 21:27:08 376] isr        1559 3200  2  
[2021/06/03 21:27:08 538] isr        1547 ASR_MSG_AUW,   cloud  
[2021/06/03 21:27:08 538] isr        1559 3200  2  
[2021/06/03 21:27:08 701] isr        1547 ASR_MSG_AUW,   cloud  
[2021/06/03 21:27:08 701] isr        1559 3200  2  
[2021/06/03 21:27:08 702] isr        1547 ASR_MSG_AUW,   cloud  
[2021/06/03 21:27:08 702] isr        1559 3200  2  
[2021/06/03 21:27:08 864] isr        1547 ASR_MSG_AUW,   cloud  
[2021/06/03 21:27:08 865] isr        1559 3200  2  
[2021/06/03 21:27:08 866] isr        1547 ASR_MSG_AUW,   cloud  
[2021/06/03 21:27:08 866] isr        1559 3200  2  
[2021/06/03 21:27:09 028] isr        1547 ASR_MSG_AUW,   cloud  
[2021/06/03 21:27:09 028] isr        1559 3200  2  
[2021/06/03 21:27:09 192] isr        1547 ASR_MSG_AUW,   cloud  
[2021/06/03 21:27:09 192] isr        1559 3200  2  
[2021/06/03 21:27:09 193] isr        1547 ASR_MSG_AUW,   cloud  
[2021/06/03 21:27:09 193] isr        1559 3200  2  
[2021/06/03 21:27:09 355] isr        1547 ASR_MSG_AUW,   cloud  
[2021/06/03 21:27:09 355] isr        1559 3200  2  
[2021/06/03 21:27:09 519] isr        1547 ASR_MSG_AUW,   cloud  
[2021/06/03 21:27:09 519] isr        1559 3200  2  
[2021/06/03 21:27:09 520] isr        1547 ASR_MSG_AUW,   cloud  
[2021/06/03 21:27:09 521] isr        1559 3200  2  
[2021/06/03 21:27:09 595] isr        662  cloud_rslt_cb status =   5  
[2021/06/03 21:27:09 595] isr        641  process_result call:  cloud  udata(54034708) 5  nil  
[2021/06/03 21:27:09 595] isr        798  3  msc  
[2021/06/03 21:27:09 682] isr        1547 ASR_MSG_AUW,   cloud  
[2021/06/03 21:27:09 682] isr        1559 3200  2  
[2021/06/03 21:27:09 684] isr        1636 ASR_MSG_GRSLT,   cloud  
[2021/06/03 21:27:09 684] isr        1335 0  udata(54034708) 5  
[2021/06/03 21:27:09 786] isr        1639 ASR_MSG_SSE,   cloud  
[2021/06/03 21:27:09 786] isr        1356 session_end() [in]  
[2021/06/03 21:27:09 786] isr        1421 cloud_session_end() [in]  
[2021/06/03 21:27:09 788] isr        1488 ns_host=  open.xf-yun.com  
[2021/06/03 21:27:09 789] isr        1498 tick()mod=  509855  
[2021/06/03 21:27:09 789] isr        1499 tick()=  509855  
[2021/06/03 21:27:09 789] isr        1501 diff=  5381  
[2021/06/03 21:27:09 790] isr        1514 cloud_session_end() [out]  
[2021/06/03 21:27:09 790] isr        1667 isr unload!  
============================================================
Time  2021/06/03 21:39:33 590 
============================================================
[2021/06/03 21:39:33 590] isr        1659 isr loaded!  
[2021/06/03 21:39:33 590] isr        1642 SYS_MSG_REGCB param0 =   msp_status_cb  param1 =   func(6c02f960) 
[2021/06/03 21:39:33 590] isr        1537 ASR_MSG_SSB  
[2021/06/03 21:39:33 590] isr        1066 session_begin() [in], params:   sub = iat, domain = iat, language = zh_cn, accent = mandarin, sample_rate = 16000, result_type = plain, result_encoding = utf8  nil  
[2021/06/03 21:39:33 591] isr        927  vad_set [in]  
[2021/06/03 21:39:33 591] isr        962  vad_enable :  true  
[2021/06/03 21:39:33 591] isr        980  vad_bos :  10000  
[2021/06/03 21:39:33 591] isr        981  vad_eos :  2000  
[2021/06/03 21:39:33 591] isr        886  enable_vad [in]  
[2021/06/03 21:39:33 592] isr        918  vad enabled!  2000  10000  
[2021/06/03 21:39:33 592] isr        921  enable_vad [out]  
[2021/06/03 21:39:33 592] isr        987  vad_set [out] | ret =  0  
[2021/06/03 21:39:33 592] isr        1187 cur_engine_type =   cloud  
[2021/06/03 21:39:33 592] isr        1001 cloud_session_begin  
[2021/06/03 21:39:33 592] isr        1013 unknown  
[2021/06/03 21:39:33 593] isr        1547 ASR_MSG_AUW,   cloud  
[2021/06/03 21:39:33 593] isr        1559 6400  1  
[2021/06/03 21:39:33 594] isr        1569 once_bytes:   6400  
[2021/06/03 21:39:33 595] isr        851  [aud] speech start  
[2021/06/03 21:39:33 595] isr        798  1  msc  
[2021/06/03 21:39:33 795] isr        1547 ASR_MSG_AUW,   cloud  
[2021/06/03 21:39:33 795] isr        1559 6400  2  
[2021/06/03 21:39:33 900] isr        700  cloud_status_cb, eps:  1  
[2021/06/03 21:39:33 900] isr        798  1  cloud  
[2021/06/03 21:39:33 900] isr        813  cloud eps ignored  
[2021/06/03 21:39:33 996] isr        1547 ASR_MSG_AUW,   cloud  
[2021/06/03 21:39:33 996] isr        1559 6400  2  
[2021/06/03 21:39:34 197] isr        1547 ASR_MSG_AUW,   cloud  
[2021/06/03 21:39:34 197] isr        1559 6400  2  
[2021/06/03 21:39:34 398] isr        1547 ASR_MSG_AUW,   cloud  
[2021/06/03 21:39:34 398] isr        1559 6400  2  
[2021/06/03 21:39:34 598] isr        1547 ASR_MSG_AUW,   cloud  
[2021/06/03 21:39:34 598] isr        1559 6400  2  
[2021/06/03 21:39:34 799] isr        1547 ASR_MSG_AUW,   cloud  
[2021/06/03 21:39:34 799] isr        1559 6400  2  
[2021/06/03 21:39:35 000] isr        1547 ASR_MSG_AUW,   cloud  
[2021/06/03 21:39:35 001] isr        1559 6400  2  
[2021/06/03 21:39:35 201] isr        1547 ASR_MSG_AUW,   cloud  
[2021/06/03 21:39:35 201] isr        1559 6400  2  
[2021/06/03 21:39:35 402] isr        1547 ASR_MSG_AUW,   cloud  
[2021/06/03 21:39:35 402] isr        1559 6400  2  
[2021/06/03 21:39:35 602] isr        1547 ASR_MSG_AUW,   cloud  
[2021/06/03 21:39:35 603] isr        1559 6400  2  
[2021/06/03 21:39:35 803] isr        1547 ASR_MSG_AUW,   cloud  
[2021/06/03 21:39:35 804] isr        1559 6400  2  
[2021/06/03 21:39:36 004] isr        1547 ASR_MSG_AUW,   cloud  
[2021/06/03 21:39:36 004] isr        1559 6400  2  
[2021/06/03 21:39:36 205] isr        1547 ASR_MSG_AUW,   cloud  
[2021/06/03 21:39:36 206] isr        1559 6400  2  
[2021/06/03 21:39:36 407] isr        1547 ASR_MSG_AUW,   cloud  
[2021/06/03 21:39:36 407] isr        1559 6400  2  
[2021/06/03 21:39:36 607] isr        1547 ASR_MSG_AUW,   cloud  
[2021/06/03 21:39:36 608] isr        1559 6400  2  
[2021/06/03 21:39:36 808] isr        1547 ASR_MSG_AUW,   cloud  
[2021/06/03 21:39:36 808] isr        1559 6400  2  
[2021/06/03 21:39:37 009] isr        1547 ASR_MSG_AUW,   cloud  
[2021/06/03 21:39:37 009] isr        1559 6400  2  
[2021/06/03 21:39:37 210] isr        1547 ASR_MSG_AUW,   cloud  
[2021/06/03 21:39:37 210] isr        1559 6400  2  
[2021/06/03 21:39:37 410] isr        1547 ASR_MSG_AUW,   cloud  
[2021/06/03 21:39:37 411] isr        1559 6400  2  
[2021/06/03 21:39:37 611] isr        1547 ASR_MSG_AUW,   cloud  
[2021/06/03 21:39:37 611] isr        1559 6400  2  
[2021/06/03 21:39:37 812] isr        1547 ASR_MSG_AUW,   cloud  
[2021/06/03 21:39:37 812] isr        1559 6400  2  
[2021/06/03 21:39:37 873] isr        662  cloud_rslt_cb status =   0  
[2021/06/03 21:39:37 873] isr        641  process_result call:  cloud  udata(6c035228) 0  nil  
[2021/06/03 21:39:38 013] isr        1547 ASR_MSG_AUW,   cloud  
[2021/06/03 21:39:38 013] isr        1559 7420  2  
[2021/06/03 21:39:38 214] isr        1547 ASR_MSG_AUW,   cloud  
[2021/06/03 21:39:38 215] isr        1559 0  4  
[2021/06/03 21:39:38 215] isr        1592 aud end, USER  
[2021/06/03 21:39:38 215] isr        1636 ASR_MSG_GRSLT,   cloud  
[2021/06/03 21:39:38 216] isr        1335 0  udata(6c035228) 0  
[2021/06/03 21:39:38 217] isr        854  [aud] speech end  
[2021/06/03 21:39:38 218] isr        798  3  msc  
[2021/06/03 21:39:38 273] isr        700  cloud_status_cb, eps:  3  
[2021/06/03 21:39:38 273] isr        798  3  cloud  
[2021/06/03 21:39:38 274] isr        800  already speech end  
[2021/06/03 21:39:38 277] isr        662  cloud_rslt_cb status =   5  
[2021/06/03 21:39:38 277] isr        641  process_result call:  cloud  udata(6c033b38) 5  nil  
[2021/06/03 21:39:38 278] isr        798  3  msc  
[2021/06/03 21:39:38 278] isr        800  already speech end  
[2021/06/03 21:39:38 367] isr        1636 ASR_MSG_GRSLT,   cloud  
[2021/06/03 21:39:38 368] isr        1335 0  udata(6c033b38) 5  
[2021/06/03 21:39:38 518] isr        1639 ASR_MSG_SSE,   cloud  
[2021/06/03 21:39:38 519] isr        1356 session_end() [in]  
[2021/06/03 21:39:38 519] isr        1421 cloud_session_end() [in]  
[2021/06/03 21:39:38 520] isr        1488 ns_host=  open.xf-yun.com  
[2021/06/03 21:39:38 520] isr        1498 tick()mod=  1258586  
[2021/06/03 21:39:38 520] isr        1499 tick()=  1258586  
[2021/06/03 21:39:38 520] isr        1501 diff=  4726  
[2021/06/03 21:39:38 520] isr        1514 cloud_session_end() [out]  
[2021/06/03 21:39:38 520] isr        1667 isr unload!  
============================================================
Time  2021/06/03 21:39:54 708 
============================================================
[2021/06/03 21:39:54 708] isr        1659 isr loaded!  
[2021/06/03 21:39:54 708] isr        1642 SYS_MSG_REGCB param0 =   msp_status_cb  param1 =   func(5402f960) 
[2021/06/03 21:39:54 708] isr        1537 ASR_MSG_SSB  
[2021/06/03 21:39:54 708] isr        1066 session_begin() [in], params:   sub = iat, domain = iat, language = zh_cn, accent = mandarin, sample_rate = 16000, result_type = plain, result_encoding = utf8  nil  
[2021/06/03 21:39:54 708] isr        927  vad_set [in]  
[2021/06/03 21:39:54 709] isr        962  vad_enable :  true  
[2021/06/03 21:39:54 709] isr        980  vad_bos :  10000  
[2021/06/03 21:39:54 709] isr        981  vad_eos :  2000  
[2021/06/03 21:39:54 709] isr        886  enable_vad [in]  
[2021/06/03 21:39:54 709] isr        918  vad enabled!  2000  10000  
[2021/06/03 21:39:54 709] isr        921  enable_vad [out]  
[2021/06/03 21:39:54 709] isr        987  vad_set [out] | ret =  0  
[2021/06/03 21:39:54 709] isr        1187 cur_engine_type =   cloud  
[2021/06/03 21:39:54 710] isr        1001 cloud_session_begin  
[2021/06/03 21:39:54 710] isr        1013 unknown  
[2021/06/03 21:39:54 712] isr        1547 ASR_MSG_AUW,   cloud  
[2021/06/03 21:39:54 712] isr        1559 6400  1  
[2021/06/03 21:39:54 712] isr        1569 once_bytes:   6400  
[2021/06/03 21:39:54 715] isr        851  [aud] speech start  
[2021/06/03 21:39:54 715] isr        798  1  msc  
[2021/06/03 21:39:54 913] isr        1547 ASR_MSG_AUW,   cloud  
[2021/06/03 21:39:54 913] isr        1559 6400  2  
[2021/06/03 21:39:55 113] isr        1547 ASR_MSG_AUW,   cloud  
[2021/06/03 21:39:55 114] isr        1559 6400  2  
[2021/06/03 21:39:55 195] isr        700  cloud_status_cb, eps:  1  
[2021/06/03 21:39:55 196] isr        798  1  cloud  
[2021/06/03 21:39:55 196] isr        813  cloud eps ignored  
[2021/06/03 21:39:55 314] isr        1547 ASR_MSG_AUW,   cloud  
[2021/06/03 21:39:55 314] isr        1559 6400  2  
[2021/06/03 21:39:55 515] isr        1547 ASR_MSG_AUW,   cloud  
[2021/06/03 21:39:55 516] isr        1559 6400  2  
[2021/06/03 21:39:55 716] isr        1547 ASR_MSG_AUW,   cloud  
[2021/06/03 21:39:55 716] isr        1559 6400  2  
[2021/06/03 21:39:55 917] isr        1547 ASR_MSG_AUW,   cloud  
[2021/06/03 21:39:55 917] isr        1559 6400  2  
[2021/06/03 21:39:56 118] isr        1547 ASR_MSG_AUW,   cloud  
[2021/06/03 21:39:56 118] isr        1559 6400  2  
[2021/06/03 21:39:56 319] isr        1547 ASR_MSG_AUW,   cloud  
[2021/06/03 21:39:56 319] isr        1559 6400  2  
[2021/06/03 21:39:56 520] isr        1547 ASR_MSG_AUW,   cloud  
[2021/06/03 21:39:56 520] isr        1559 6400  2  
[2021/06/03 21:39:56 721] isr        1547 ASR_MSG_AUW,   cloud  
[2021/06/03 21:39:56 721] isr        1559 6400  2  
[2021/06/03 21:39:56 921] isr        1547 ASR_MSG_AUW,   cloud  
[2021/06/03 21:39:56 921] isr        1559 6400  2  
[2021/06/03 21:39:57 122] isr        1547 ASR_MSG_AUW,   cloud  
[2021/06/03 21:39:57 122] isr        1559 6400  2  
[2021/06/03 21:39:57 322] isr        1547 ASR_MSG_AUW,   cloud  
[2021/06/03 21:39:57 322] isr        1559 6400  2  
[2021/06/03 21:39:57 523] isr        1547 ASR_MSG_AUW,   cloud  
[2021/06/03 21:39:57 523] isr        1559 6400  2  
[2021/06/03 21:39:57 724] isr        1547 ASR_MSG_AUW,   cloud  
[2021/06/03 21:39:57 724] isr        1559 6400  2  
[2021/06/03 21:39:57 925] isr        1547 ASR_MSG_AUW,   cloud  
[2021/06/03 21:39:57 925] isr        1559 6400  2  
[2021/06/03 21:39:58 126] isr        1547 ASR_MSG_AUW,   cloud  
[2021/06/03 21:39:58 126] isr        1559 6400  2  
[2021/06/03 21:39:58 326] isr        1547 ASR_MSG_AUW,   cloud  
[2021/06/03 21:39:58 326] isr        1559 6400  2  
[2021/06/03 21:39:58 527] isr        1547 ASR_MSG_AUW,   cloud  
[2021/06/03 21:39:58 527] isr        1559 6400  2  
[2021/06/03 21:39:58 727] isr        1547 ASR_MSG_AUW,   cloud  
[2021/06/03 21:39:58 727] isr        1559 6400  2  
[2021/06/03 21:39:58 928] isr        1547 ASR_MSG_AUW,   cloud  
[2021/06/03 21:39:58 928] isr        1559 6400  2  
[2021/06/03 21:39:59 038] isr        662  cloud_rslt_cb status =   0  
[2021/06/03 21:39:59 038] isr        641  process_result call:  cloud  udata(54035fd8) 0  nil  
[2021/06/03 21:39:59 129] isr        1547 ASR_MSG_AUW,   cloud  
[2021/06/03 21:39:59 129] isr        1559 7420  2  
[2021/06/03 21:39:59 329] isr        1547 ASR_MSG_AUW,   cloud  
[2021/06/03 21:39:59 330] isr        1559 0  4  
[2021/06/03 21:39:59 330] isr        1592 aud end, USER  
[2021/06/03 21:39:59 330] isr        1636 ASR_MSG_GRSLT,   cloud  
[2021/06/03 21:39:59 331] isr        1335 0  udata(54035fd8) 0  
[2021/06/03 21:39:59 332] isr        854  [aud] speech end  
[2021/06/03 21:39:59 333] isr        798  3  msc  
[2021/06/03 21:39:59 428] isr        700  cloud_status_cb, eps:  3  
[2021/06/03 21:39:59 429] isr        798  3  cloud  
[2021/06/03 21:39:59 429] isr        800  already speech end  
[2021/06/03 21:39:59 433] isr        662  cloud_rslt_cb status =   5  
[2021/06/03 21:39:59 433] isr        641  process_result call:  cloud  udata(54036658) 5  nil  
[2021/06/03 21:39:59 433] isr        798  3  msc  
[2021/06/03 21:39:59 433] isr        800  already speech end  
[2021/06/03 21:39:59 482] isr        1636 ASR_MSG_GRSLT,   cloud  
[2021/06/03 21:39:59 482] isr        1335 0  udata(54036658) 5  
[2021/06/03 21:39:59 634] isr        1639 ASR_MSG_SSE,   cloud  
[2021/06/03 21:39:59 634] isr        1356 session_end() [in]  
[2021/06/03 21:39:59 634] isr        1421 cloud_session_end() [in]  
[2021/06/03 21:39:59 637] isr        1488 ns_host=  open.xf-yun.com  
[2021/06/03 21:39:59 637] isr        1498 tick()mod=  1279703  
[2021/06/03 21:39:59 637] isr        1499 tick()=  1279703  
[2021/06/03 21:39:59 638] isr        1501 diff=  4587  
[2021/06/03 21:39:59 638] isr        1514 cloud_session_end() [out]  
[2021/06/03 21:39:59 639] isr        1667 isr unload!  
============================================================
Time  2021/06/03 21:40:36 318 
============================================================
[2021/06/03 21:40:36 318] isr        1659 isr loaded!  
[2021/06/03 21:40:36 319] isr        1642 SYS_MSG_REGCB param0 =   msp_status_cb  param1 =   func(c02f950) 
[2021/06/03 21:40:36 319] isr        1537 ASR_MSG_SSB  
[2021/06/03 21:40:36 319] isr        1066 session_begin() [in], params:   sub = iat, domain = iat, language = zh_cn, accent = mandarin, sample_rate = 16000, result_type = plain, result_encoding = utf8  nil  
[2021/06/03 21:40:36 319] isr        927  vad_set [in]  
[2021/06/03 21:40:36 319] isr        962  vad_enable :  true  
[2021/06/03 21:40:36 319] isr        980  vad_bos :  10000  
[2021/06/03 21:40:36 319] isr        981  vad_eos :  2000  
[2021/06/03 21:40:36 319] isr        886  enable_vad [in]  
[2021/06/03 21:40:36 319] isr        918  vad enabled!  2000  10000  
[2021/06/03 21:40:36 319] isr        921  enable_vad [out]  
[2021/06/03 21:40:36 320] isr        987  vad_set [out] | ret =  0  
[2021/06/03 21:40:36 320] isr        1187 cur_engine_type =   cloud  
[2021/06/03 21:40:36 320] isr        1001 cloud_session_begin  
[2021/06/03 21:40:36 320] isr        1013 unknown  
[2021/06/03 21:40:36 556] isr        1547 ASR_MSG_AUW,   cloud  
[2021/06/03 21:40:36 556] isr        1559 3200  1  
[2021/06/03 21:40:36 557] isr        1569 once_bytes:   3200  
[2021/06/03 21:40:36 557] isr        1547 ASR_MSG_AUW,   cloud  
[2021/06/03 21:40:36 557] isr        1559 3200  2  
[2021/06/03 21:40:36 560] isr        851  [aud] speech start  
[2021/06/03 21:40:36 561] isr        798  1  msc  
[2021/06/03 21:40:36 628] isr        700  cloud_status_cb, eps:  1  
[2021/06/03 21:40:36 628] isr        798  1  cloud  
[2021/06/03 21:40:36 628] isr        813  cloud eps ignored  
[2021/06/03 21:40:36 717] isr        1547 ASR_MSG_AUW,   cloud  
[2021/06/03 21:40:36 717] isr        1559 3200  2  
[2021/06/03 21:40:36 880] isr        1547 ASR_MSG_AUW,   cloud  
[2021/06/03 21:40:36 881] isr        1559 3200  2  
[2021/06/03 21:40:36 882] isr        1547 ASR_MSG_AUW,   cloud  
[2021/06/03 21:40:36 882] isr        1559 3200  2  
[2021/06/03 21:40:37 037] isr        1547 ASR_MSG_AUW,   cloud  
[2021/06/03 21:40:37 038] isr        1559 3200  2  
[2021/06/03 21:40:37 039] isr        1547 ASR_MSG_AUW,   cloud  
[2021/06/03 21:40:37 039] isr        1559 3200  2  
[2021/06/03 21:40:37 201] isr        1547 ASR_MSG_AUW,   cloud  
[2021/06/03 21:40:37 201] isr        1559 3200  2  
[2021/06/03 21:40:37 364] isr        1547 ASR_MSG_AUW,   cloud  
[2021/06/03 21:40:37 364] isr        1559 3200  2  
[2021/06/03 21:40:37 365] isr        1547 ASR_MSG_AUW,   cloud  
[2021/06/03 21:40:37 366] isr        1559 3200  2  
[2021/06/03 21:40:37 527] isr        1547 ASR_MSG_AUW,   cloud  
[2021/06/03 21:40:37 528] isr        1559 3200  2  
[2021/06/03 21:40:37 529] isr        1547 ASR_MSG_AUW,   cloud  
[2021/06/03 21:40:37 529] isr        1559 3200  2  
[2021/06/03 21:40:37 678] isr        1547 ASR_MSG_AUW,   cloud  
[2021/06/03 21:40:37 679] isr        1559 3200  2  
[2021/06/03 21:40:37 842] isr        1547 ASR_MSG_AUW,   cloud  
[2021/06/03 21:40:37 842] isr        1559 3200  2  
[2021/06/03 21:40:37 844] isr        1547 ASR_MSG_AUW,   cloud  
[2021/06/03 21:40:37 844] isr        1559 3200  2  
[2021/06/03 21:40:38 005] isr        1547 ASR_MSG_AUW,   cloud  
[2021/06/03 21:40:38 005] isr        1559 3200  2  
[2021/06/03 21:40:38 168] isr        1547 ASR_MSG_AUW,   cloud  
[2021/06/03 21:40:38 168] isr        1559 3200  2  
[2021/06/03 21:40:38 170] isr        1547 ASR_MSG_AUW,   cloud  
[2021/06/03 21:40:38 170] isr        1559 3200  2  
[2021/06/03 21:40:38 331] isr        1547 ASR_MSG_AUW,   cloud  
[2021/06/03 21:40:38 332] isr        1559 3200  2  
[2021/06/03 21:40:38 332] isr        1547 ASR_MSG_AUW,   cloud  
[2021/06/03 21:40:38 333] isr        1559 3200  2  
[2021/06/03 21:40:38 493] isr        1547 ASR_MSG_AUW,   cloud  
[2021/06/03 21:40:38 493] isr        1559 3200  2  
[2021/06/03 21:40:38 656] isr        1547 ASR_MSG_AUW,   cloud  
[2021/06/03 21:40:38 656] isr        1559 3200  2  
[2021/06/03 21:40:38 657] isr        1547 ASR_MSG_AUW,   cloud  
[2021/06/03 21:40:38 657] isr        1559 3200  2  
[2021/06/03 21:40:38 820] isr        1547 ASR_MSG_AUW,   cloud  
[2021/06/03 21:40:38 821] isr        1559 3200  2  
[2021/06/03 21:40:38 822] isr        1547 ASR_MSG_AUW,   cloud  
[2021/06/03 21:40:38 822] isr        1559 3200  2  
[2021/06/03 21:40:38 959] isr        1547 ASR_MSG_AUW,   cloud  
[2021/06/03 21:40:38 959] isr        1559 3200  2  
[2021/06/03 21:40:39 123] isr        1547 ASR_MSG_AUW,   cloud  
[2021/06/03 21:40:39 123] isr        1559 3200  2  
[2021/06/03 21:40:39 124] isr        1547 ASR_MSG_AUW,   cloud  
[2021/06/03 21:40:39 124] isr        1559 3200  2  
[2021/06/03 21:40:39 286] isr        1547 ASR_MSG_AUW,   cloud  
[2021/06/03 21:40:39 286] isr        1559 3200  2  
[2021/06/03 21:40:39 449] isr        1547 ASR_MSG_AUW,   cloud  
[2021/06/03 21:40:39 449] isr        1559 3200  2  
[2021/06/03 21:40:39 450] isr        1547 ASR_MSG_AUW,   cloud  
[2021/06/03 21:40:39 451] isr        1559 3200  2  
[2021/06/03 21:40:39 612] isr        1547 ASR_MSG_AUW,   cloud  
[2021/06/03 21:40:39 612] isr        1559 3200  2  
[2021/06/03 21:40:39 775] isr        1547 ASR_MSG_AUW,   cloud  
[2021/06/03 21:40:39 775] isr        1559 3200  2  
[2021/06/03 21:40:39 777] isr        1547 ASR_MSG_AUW,   cloud  
[2021/06/03 21:40:39 777] isr        1559 3200  2  
[2021/06/03 21:40:39 939] isr        1547 ASR_MSG_AUW,   cloud  
[2021/06/03 21:40:39 939] isr        1559 3200  2  
[2021/06/03 21:40:39 940] isr        1547 ASR_MSG_AUW,   cloud  
[2021/06/03 21:40:39 941] isr        1559 3200  2  
[2021/06/03 21:40:40 102] isr        1547 ASR_MSG_AUW,   cloud  
[2021/06/03 21:40:40 102] isr        1559 3200  2  
[2021/06/03 21:40:40 265] isr        1547 ASR_MSG_AUW,   cloud  
[2021/06/03 21:40:40 266] isr        1559 3200  2  
[2021/06/03 21:40:40 266] isr        1547 ASR_MSG_AUW,   cloud  
[2021/06/03 21:40:40 267] isr        1559 3200  2  
[2021/06/03 21:40:40 428] isr        1547 ASR_MSG_AUW,   cloud  
[2021/06/03 21:40:40 428] isr        1559 3200  2  
[2021/06/03 21:40:40 429] isr        1547 ASR_MSG_AUW,   cloud  
[2021/06/03 21:40:40 429] isr        1559 3200  2  
[2021/06/03 21:40:40 492] isr        662  cloud_rslt_cb status =   0  
[2021/06/03 21:40:40 492] isr        641  process_result call:  cloud  udata(c0359a8) 0  nil  
[2021/06/03 21:40:40 591] isr        1547 ASR_MSG_AUW,   cloud  
[2021/06/03 21:40:40 591] isr        1559 3200  2  
[2021/06/03 21:40:40 754] isr        1547 ASR_MSG_AUW,   cloud  
[2021/06/03 21:40:40 755] isr        1559 3200  2  
[2021/06/03 21:40:40 756] isr        1636 ASR_MSG_GRSLT,   cloud  
[2021/06/03 21:40:40 756] isr        1335 0  udata(c0359a8) 0  
[2021/06/03 21:40:40 757] isr        1547 ASR_MSG_AUW,   cloud  
[2021/06/03 21:40:40 758] isr        1559 3200  2  
[2021/06/03 21:40:40 760] isr        1636 ASR_MSG_GRSLT,   cloud  
[2021/06/03 21:40:40 760] isr        1335 0  nil  2  
[2021/06/03 21:40:40 917] isr        1547 ASR_MSG_AUW,   cloud  
[2021/06/03 21:40:40 917] isr        1559 3200  2  
[2021/06/03 21:40:41 081] isr        1547 ASR_MSG_AUW,   cloud  
[2021/06/03 21:40:41 081] isr        1559 3200  2  
[2021/06/03 21:40:41 082] isr        1547 ASR_MSG_AUW,   cloud  
[2021/06/03 21:40:41 082] isr        1559 3200  2  
[2021/06/03 21:40:41 244] isr        1547 ASR_MSG_AUW,   cloud  
[2021/06/03 21:40:41 244] isr        1559 3200  2  
[2021/06/03 21:40:41 245] isr        1547 ASR_MSG_AUW,   cloud  
[2021/06/03 21:40:41 246] isr        1559 3200  2  
[2021/06/03 21:40:41 407] isr        1547 ASR_MSG_AUW,   cloud  
[2021/06/03 21:40:41 407] isr        1559 3200  2  
[2021/06/03 21:40:41 570] isr        1547 ASR_MSG_AUW,   cloud  
[2021/06/03 21:40:41 571] isr        1559 3200  2  
[2021/06/03 21:40:41 571] isr        1547 ASR_MSG_AUW,   cloud  
[2021/06/03 21:40:41 572] isr        1559 3200  2  
[2021/06/03 21:40:41 733] isr        1547 ASR_MSG_AUW,   cloud  
[2021/06/03 21:40:41 734] isr        1559 3200  2  
[2021/06/03 21:40:41 734] isr        1547 ASR_MSG_AUW,   cloud  
[2021/06/03 21:40:41 735] isr        1559 3200  2  
[2021/06/03 21:40:41 879] isr        1547 ASR_MSG_AUW,   cloud  
[2021/06/03 21:40:41 879] isr        1559 3200  2  
[2021/06/03 21:40:41 882] isr        854  [aud] speech end  
[2021/06/03 21:40:41 882] isr        798  3  msc  
[2021/06/03 21:40:41 882] isr        864  aud end, MSC VAD  
[2021/06/03 21:40:42 046] isr        1547 ASR_MSG_AUW,   cloud  
[2021/06/03 21:40:42 046] isr        1559 3200  2  
[2021/06/03 21:40:42 048] isr        1636 ASR_MSG_GRSLT,   cloud  
[2021/06/03 21:40:42 049] isr        1335 0  nil  2  
[2021/06/03 21:40:42 051] isr        700  cloud_status_cb, eps:  3  
[2021/06/03 21:40:42 051] isr        798  3  cloud  
[2021/06/03 21:40:42 051] isr        800  already speech end  
[2021/06/03 21:40:42 056] isr        662  cloud_rslt_cb status =   5  
[2021/06/03 21:40:42 057] isr        641  process_result call:  cloud  udata(c036a98) 5  nil  
[2021/06/03 21:40:42 057] isr        798  3  msc  
[2021/06/03 21:40:42 057] isr        800  already speech end  
[2021/06/03 21:40:42 150] isr        1636 ASR_MSG_GRSLT,   cloud  
[2021/06/03 21:40:42 150] isr        1335 0  udata(c036a98) 5  
[2021/06/03 21:40:42 251] isr        1639 ASR_MSG_SSE,   cloud  
[2021/06/03 21:40:42 252] isr        1356 session_end() [in]  
[2021/06/03 21:40:42 252] isr        1421 cloud_session_end() [in]  
[2021/06/03 21:40:42 254] isr        1488 ns_host=  open.xf-yun.com  
[2021/06/03 21:40:42 255] isr        1498 tick()mod=  1322321  
[2021/06/03 21:40:42 255] isr        1499 tick()=  1322321  
[2021/06/03 21:40:42 255] isr        1501 diff=  5791  
[2021/06/03 21:40:42 255] isr        1514 cloud_session_end() [out]  
[2021/06/03 21:40:42 256] isr        1667 isr unload!  
